::1 - - [02/Jun/2020:17:56:37 +0000] "GET / HTTP/1.1" 200 7534 "-" "Mozilla/5.0 (Windows NT 10.0; Win64; x64; rv:76.0) Gecko/20100101 Firefox/76.0"
::1 - - [02/Jun/2020:17:56:41 +0000] "GET /css/home-b917bc7b1e.css HTTP/1.1" 404 162 "http://localhost:8000/" "Mozilla/5.0 (Windows NT 10.0; Win64; x64; rv:76.0) Gecko/20100101 Firefox/76.0"
::1 - - [02/Jun/2020:17:56:41 +0000] "GET /css/layout-bc4177a336.css HTTP/1.1" 404 164 "http://localhost:8000/" "Mozilla/5.0 (Windows NT 10.0; Win64; x64; rv:76.0) Gecko/20100101 Firefox/76.0"
::1 - - [02/Jun/2020:17:56:43 +0000] "GET /js/home_posts-32c888bfed.js HTTP/1.1" 404 166 "http://localhost:8000/" "Mozilla/5.0 (Windows NT 10.0; Win64; x64; rv:76.0) Gecko/20100101 Firefox/76.0"
::1 - - [02/Jun/2020:17:56:43 +0000] "GET /js/likes-258099703a.js HTTP/1.1" 404 161 "http://localhost:8000/" "Mozilla/5.0 (Windows NT 10.0; Win64; x64; rv:76.0) Gecko/20100101 Firefox/76.0"
::1 - - [02/Jun/2020:17:56:43 +0000] "GET /js/post_comments-e8b09ec150.js HTTP/1.1" 404 169 "http://localhost:8000/" "Mozilla/5.0 (Windows NT 10.0; Win64; x64; rv:76.0) Gecko/20100101 Firefox/76.0"
::1 - - [02/Jun/2020:17:56:43 +0000] "GET /js/chat_engine-e239a99bbe.js HTTP/1.1" 404 167 "http://localhost:8000/" "Mozilla/5.0 (Windows NT 10.0; Win64; x64; rv:76.0) Gecko/20100101 Firefox/76.0"
::1 - - [02/Jun/2020:17:56:43 +0000] "GET /js/bg-661772d05d.js HTTP/1.1" 404 158 "http://localhost:8000/" "Mozilla/5.0 (Windows NT 10.0; Win64; x64; rv:76.0) Gecko/20100101 Firefox/76.0"
::1 - - [02/Jun/2020:17:56:43 +0000] "GET /css/layout-bc4177a336.css HTTP/1.1" 404 164 "http://localhost:8000/" "Mozilla/5.0 (Windows NT 10.0; Win64; x64; rv:76.0) Gecko/20100101 Firefox/76.0"
::1 - - [02/Jun/2020:17:56:43 +0000] "GET /css/home-b917bc7b1e.css HTTP/1.1" 404 162 "http://localhost:8000/" "Mozilla/5.0 (Windows NT 10.0; Win64; x64; rv:76.0) Gecko/20100101 Firefox/76.0"
::1 - - [02/Jun/2020:17:56:43 +0000] "GET /js/likes-258099703a.js HTTP/1.1" 404 161 "http://localhost:8000/" "Mozilla/5.0 (Windows NT 10.0; Win64; x64; rv:76.0) Gecko/20100101 Firefox/76.0"
::1 - - [02/Jun/2020:17:56:43 +0000] "GET /js/post_comments-e8b09ec150.js HTTP/1.1" 404 169 "http://localhost:8000/" "Mozilla/5.0 (Windows NT 10.0; Win64; x64; rv:76.0) Gecko/20100101 Firefox/76.0"
::1 - - [02/Jun/2020:17:56:43 +0000] "GET /js/likes-258099703a.js HTTP/1.1" 404 161 "http://localhost:8000/" "Mozilla/5.0 (Windows NT 10.0; Win64; x64; rv:76.0) Gecko/20100101 Firefox/76.0"
::1 - - [02/Jun/2020:17:56:43 +0000] "GET /js/home_posts-32c888bfed.js HTTP/1.1" 404 166 "http://localhost:8000/" "Mozilla/5.0 (Windows NT 10.0; Win64; x64; rv:76.0) Gecko/20100101 Firefox/76.0"
::1 - - [02/Jun/2020:17:56:43 +0000] "GET /js/likes-258099703a.js HTTP/1.1" 404 161 "http://localhost:8000/" "Mozilla/5.0 (Windows NT 10.0; Win64; x64; rv:76.0) Gecko/20100101 Firefox/76.0"
::1 - - [02/Jun/2020:17:56:43 +0000] "GET /js/chat_engine-e239a99bbe.js HTTP/1.1" 404 167 "http://localhost:8000/" "Mozilla/5.0 (Windows NT 10.0; Win64; x64; rv:76.0) Gecko/20100101 Firefox/76.0"
::1 - - [02/Jun/2020:17:56:43 +0000] "GET /js/bg-661772d05d.js HTTP/1.1" 404 158 "http://localhost:8000/" "Mozilla/5.0 (Windows NT 10.0; Win64; x64; rv:76.0) Gecko/20100101 Firefox/76.0"
::1 - - [02/Jun/2020:17:56:43 +0000] "GET /undefined HTTP/1.1" 404 148 "-" "Mozilla/5.0 (Windows NT 10.0; Win64; x64; rv:76.0) Gecko/20100101 Firefox/76.0"
::1 - - [02/Jun/2020:17:56:45 +0000] "GET /users/sign-in HTTP/1.1" 200 2847 "http://localhost:8000/" "Mozilla/5.0 (Windows NT 10.0; Win64; x64; rv:76.0) Gecko/20100101 Firefox/76.0"
::1 - - [02/Jun/2020:17:56:45 +0000] "GET /css/layout-bc4177a336.css HTTP/1.1" 404 164 "http://localhost:8000/users/sign-in" "Mozilla/5.0 (Windows NT 10.0; Win64; x64; rv:76.0) Gecko/20100101 Firefox/76.0"
::1 - - [02/Jun/2020:17:56:45 +0000] "GET /js/bg-661772d05d.js HTTP/1.1" 404 158 "http://localhost:8000/users/sign-in" "Mozilla/5.0 (Windows NT 10.0; Win64; x64; rv:76.0) Gecko/20100101 Firefox/76.0"
::1 - - [02/Jun/2020:17:56:45 +0000] "GET /css/sin_up.css HTTP/1.1" 404 153 "http://localhost:8000/users/sign-in" "Mozilla/5.0 (Windows NT 10.0; Win64; x64; rv:76.0) Gecko/20100101 Firefox/76.0"
::1 - - [02/Jun/2020:17:56:46 +0000] "GET /css/layout-bc4177a336.css HTTP/1.1" 404 164 "http://localhost:8000/users/sign-in" "Mozilla/5.0 (Windows NT 10.0; Win64; x64; rv:76.0) Gecko/20100101 Firefox/76.0"
::1 - - [02/Jun/2020:17:56:46 +0000] "GET /css/sin_up.css HTTP/1.1" 404 153 "http://localhost:8000/users/sign-in" "Mozilla/5.0 (Windows NT 10.0; Win64; x64; rv:76.0) Gecko/20100101 Firefox/76.0"
::1 - - [02/Jun/2020:17:56:46 +0000] "GET /js/bg-661772d05d.js HTTP/1.1" 404 158 "http://localhost:8000/users/sign-in" "Mozilla/5.0 (Windows NT 10.0; Win64; x64; rv:76.0) Gecko/20100101 Firefox/76.0"
::1 - - [02/Jun/2020:17:56:47 +0000] "GET /users/auth/google HTTP/1.1" 302 0 "http://localhost:8000/users/sign-in" "Mozilla/5.0 (Windows NT 10.0; Win64; x64; rv:76.0) Gecko/20100101 Firefox/76.0"
::1 - - [02/Jun/2020:17:56:55 +0000] "GET /favicon.ico HTTP/1.1" 404 150 "-" "Mozilla/5.0 (Windows NT 10.0; Win64; x64; rv:76.0) Gecko/20100101 Firefox/76.0"
::1 - - [02/Jun/2020:17:56:55 +0000] "GET /undefined HTTP/1.1" 404 148 "-" "Mozilla/5.0 (Windows NT 10.0; Win64; x64; rv:76.0) Gecko/20100101 Firefox/76.0"
::1 - - [02/Jun/2020:17:57:01 +0000] "GET /users/sign-up HTTP/1.1" 304 - "http://localhost:8000/users/sign-in" "Mozilla/5.0 (Windows NT 10.0; Win64; x64; rv:76.0) Gecko/20100101 Firefox/76.0"
::1 - - [02/Jun/2020:17:57:01 +0000] "GET /css/layout-bc4177a336.css HTTP/1.1" 404 164 "http://localhost:8000/users/sign-up" "Mozilla/5.0 (Windows NT 10.0; Win64; x64; rv:76.0) Gecko/20100101 Firefox/76.0"
::1 - - [02/Jun/2020:17:57:01 +0000] "GET /undefined HTTP/1.1" 404 148 "http://localhost:8000/users/sign-up" "Mozilla/5.0 (Windows NT 10.0; Win64; x64; rv:76.0) Gecko/20100101 Firefox/76.0"
::1 - - [02/Jun/2020:17:57:01 +0000] "GET /js/bg-661772d05d.js HTTP/1.1" 404 158 "http://localhost:8000/users/sign-up" "Mozilla/5.0 (Windows NT 10.0; Win64; x64; rv:76.0) Gecko/20100101 Firefox/76.0"
::1 - - [02/Jun/2020:17:57:01 +0000] "GET /css/layout-bc4177a336.css HTTP/1.1" 404 164 "http://localhost:8000/users/sign-up" "Mozilla/5.0 (Windows NT 10.0; Win64; x64; rv:76.0) Gecko/20100101 Firefox/76.0"
::1 - - [02/Jun/2020:17:57:01 +0000] "GET /undefined HTTP/1.1" 404 148 "http://localhost:8000/users/sign-up" "Mozilla/5.0 (Windows NT 10.0; Win64; x64; rv:76.0) Gecko/20100101 Firefox/76.0"
::1 - - [02/Jun/2020:17:57:01 +0000] "GET /js/bg-661772d05d.js HTTP/1.1" 404 158 "http://localhost:8000/users/sign-up" "Mozilla/5.0 (Windows NT 10.0; Win64; x64; rv:76.0) Gecko/20100101 Firefox/76.0"
::1 - - [02/Jun/2020:17:57:01 +0000] "GET /undefined HTTP/1.1" 404 148 "-" "Mozilla/5.0 (Windows NT 10.0; Win64; x64; rv:76.0) Gecko/20100101 Firefox/76.0"
::1 - - [02/Jun/2020:17:57:15 +0000] "POST /users/create HTTP/1.1" 302 72 "http://localhost:8000/users/sign-up" "Mozilla/5.0 (Windows NT 10.0; Win64; x64; rv:76.0) Gecko/20100101 Firefox/76.0"
::1 - - [02/Jun/2020:17:57:15 +0000] "GET /users/sign-in HTTP/1.1" 200 2847 "http://localhost:8000/users/sign-up" "Mozilla/5.0 (Windows NT 10.0; Win64; x64; rv:76.0) Gecko/20100101 Firefox/76.0"
::1 - - [02/Jun/2020:17:57:15 +0000] "GET /css/layout-bc4177a336.css HTTP/1.1" 404 164 "http://localhost:8000/users/sign-in" "Mozilla/5.0 (Windows NT 10.0; Win64; x64; rv:76.0) Gecko/20100101 Firefox/76.0"
::1 - - [02/Jun/2020:17:57:15 +0000] "GET /css/sin_up.css HTTP/1.1" 404 153 "http://localhost:8000/users/sign-in" "Mozilla/5.0 (Windows NT 10.0; Win64; x64; rv:76.0) Gecko/20100101 Firefox/76.0"
::1 - - [02/Jun/2020:17:57:15 +0000] "GET /js/bg-661772d05d.js HTTP/1.1" 404 158 "http://localhost:8000/users/sign-in" "Mozilla/5.0 (Windows NT 10.0; Win64; x64; rv:76.0) Gecko/20100101 Firefox/76.0"
::1 - - [02/Jun/2020:17:57:15 +0000] "GET /css/layout-bc4177a336.css HTTP/1.1" 404 164 "http://localhost:8000/users/sign-in" "Mozilla/5.0 (Windows NT 10.0; Win64; x64; rv:76.0) Gecko/20100101 Firefox/76.0"
::1 - - [02/Jun/2020:17:57:15 +0000] "GET /css/sin_up.css HTTP/1.1" 404 153 "http://localhost:8000/users/sign-in" "Mozilla/5.0 (Windows NT 10.0; Win64; x64; rv:76.0) Gecko/20100101 Firefox/76.0"
::1 - - [02/Jun/2020:17:57:15 +0000] "GET /js/bg-661772d05d.js HTTP/1.1" 404 158 "http://localhost:8000/users/sign-in" "Mozilla/5.0 (Windows NT 10.0; Win64; x64; rv:76.0) Gecko/20100101 Firefox/76.0"
::1 - - [02/Jun/2020:17:57:24 +0000] "POST /users/create-session HTTP/1.1" 302 46 "http://localhost:8000/users/sign-in" "Mozilla/5.0 (Windows NT 10.0; Win64; x64; rv:76.0) Gecko/20100101 Firefox/76.0"
::1 - - [02/Jun/2020:17:57:24 +0000] "GET / HTTP/1.1" 200 10403 "http://localhost:8000/users/sign-in" "Mozilla/5.0 (Windows NT 10.0; Win64; x64; rv:76.0) Gecko/20100101 Firefox/76.0"
::1 - - [02/Jun/2020:17:57:24 +0000] "GET /css/layout-bc4177a336.css HTTP/1.1" 404 164 "http://localhost:8000/" "Mozilla/5.0 (Windows NT 10.0; Win64; x64; rv:76.0) Gecko/20100101 Firefox/76.0"
::1 - - [02/Jun/2020:17:57:24 +0000] "GET /css/home-b917bc7b1e.css HTTP/1.1" 404 162 "http://localhost:8000/" "Mozilla/5.0 (Windows NT 10.0; Win64; x64; rv:76.0) Gecko/20100101 Firefox/76.0"
::1 - - [02/Jun/2020:17:57:24 +0000] "GET /css/chatbox-d4a317f1e1.css HTTP/1.1" 404 165 "http://localhost:8000/" "Mozilla/5.0 (Windows NT 10.0; Win64; x64; rv:76.0) Gecko/20100101 Firefox/76.0"
::1 - - [02/Jun/2020:17:57:24 +0000] "GET /js/likes-258099703a.js HTTP/1.1" 404 161 "http://localhost:8000/" "Mozilla/5.0 (Windows NT 10.0; Win64; x64; rv:76.0) Gecko/20100101 Firefox/76.0"
::1 - - [02/Jun/2020:17:57:24 +0000] "GET /js/post_comments-e8b09ec150.js HTTP/1.1" 404 169 "http://localhost:8000/" "Mozilla/5.0 (Windows NT 10.0; Win64; x64; rv:76.0) Gecko/20100101 Firefox/76.0"
::1 - - [02/Jun/2020:17:57:24 +0000] "GET /js/home_posts-32c888bfed.js HTTP/1.1" 404 166 "http://localhost:8000/" "Mozilla/5.0 (Windows NT 10.0; Win64; x64; rv:76.0) Gecko/20100101 Firefox/76.0"
::1 - - [02/Jun/2020:17:57:24 +0000] "GET /js/chat_engine-e239a99bbe.js HTTP/1.1" 404 167 "http://localhost:8000/" "Mozilla/5.0 (Windows NT 10.0; Win64; x64; rv:76.0) Gecko/20100101 Firefox/76.0"
::1 - - [02/Jun/2020:17:57:24 +0000] "GET /js/bg-661772d05d.js HTTP/1.1" 404 158 "http://localhost:8000/" "Mozilla/5.0 (Windows NT 10.0; Win64; x64; rv:76.0) Gecko/20100101 Firefox/76.0"
::1 - - [02/Jun/2020:17:57:24 +0000] "GET /js/likes-258099703a.js HTTP/1.1" 404 161 "http://localhost:8000/" "Mozilla/5.0 (Windows NT 10.0; Win64; x64; rv:76.0) Gecko/20100101 Firefox/76.0"
::1 - - [02/Jun/2020:17:57:24 +0000] "GET /js/post_comments-e8b09ec150.js HTTP/1.1" 404 169 "http://localhost:8000/" "Mozilla/5.0 (Windows NT 10.0; Win64; x64; rv:76.0) Gecko/20100101 Firefox/76.0"
::1 - - [02/Jun/2020:17:57:24 +0000] "GET /js/likes-258099703a.js HTTP/1.1" 404 161 "http://localhost:8000/" "Mozilla/5.0 (Windows NT 10.0; Win64; x64; rv:76.0) Gecko/20100101 Firefox/76.0"
::1 - - [02/Jun/2020:17:57:24 +0000] "GET /js/home_posts-32c888bfed.js HTTP/1.1" 404 166 "http://localhost:8000/" "Mozilla/5.0 (Windows NT 10.0; Win64; x64; rv:76.0) Gecko/20100101 Firefox/76.0"
::1 - - [02/Jun/2020:17:57:24 +0000] "GET /js/likes-258099703a.js HTTP/1.1" 404 161 "http://localhost:8000/" "Mozilla/5.0 (Windows NT 10.0; Win64; x64; rv:76.0) Gecko/20100101 Firefox/76.0"
::1 - - [02/Jun/2020:17:57:24 +0000] "GET /js/chat_engine-e239a99bbe.js HTTP/1.1" 404 167 "http://localhost:8000/" "Mozilla/5.0 (Windows NT 10.0; Win64; x64; rv:76.0) Gecko/20100101 Firefox/76.0"
::1 - - [02/Jun/2020:17:57:24 +0000] "GET /js/bg-661772d05d.js HTTP/1.1" 404 158 "http://localhost:8000/" "Mozilla/5.0 (Windows NT 10.0; Win64; x64; rv:76.0) Gecko/20100101 Firefox/76.0"
::1 - - [02/Jun/2020:17:58:20 +0000] "GET / HTTP/1.1" 200 10381 "http://localhost:8000/users/sign-in" "Mozilla/5.0 (Windows NT 10.0; Win64; x64; rv:76.0) Gecko/20100101 Firefox/76.0"
::1 - - [02/Jun/2020:17:58:26 +0000] "GET /css/home-b917bc7b1e.css HTTP/1.1" 404 162 "http://localhost:8000/" "Mozilla/5.0 (Windows NT 10.0; Win64; x64; rv:76.0) Gecko/20100101 Firefox/76.0"
::1 - - [02/Jun/2020:17:58:26 +0000] "GET /css/layout-bc4177a336.css HTTP/1.1" 404 164 "http://localhost:8000/" "Mozilla/5.0 (Windows NT 10.0; Win64; x64; rv:76.0) Gecko/20100101 Firefox/76.0"
::1 - - [02/Jun/2020:17:58:26 +0000] "GET /js/home_posts-32c888bfed.js HTTP/1.1" 404 166 "http://localhost:8000/" "Mozilla/5.0 (Windows NT 10.0; Win64; x64; rv:76.0) Gecko/20100101 Firefox/76.0"
::1 - - [02/Jun/2020:17:58:26 +0000] "GET /css/chatbox-d4a317f1e1.css HTTP/1.1" 404 165 "http://localhost:8000/" "Mozilla/5.0 (Windows NT 10.0; Win64; x64; rv:76.0) Gecko/20100101 Firefox/76.0"
::1 - - [02/Jun/2020:17:58:26 +0000] "GET /js/post_comments-e8b09ec150.js HTTP/1.1" 404 169 "http://localhost:8000/" "Mozilla/5.0 (Windows NT 10.0; Win64; x64; rv:76.0) Gecko/20100101 Firefox/76.0"
::1 - - [02/Jun/2020:17:58:26 +0000] "GET /js/likes-258099703a.js HTTP/1.1" 404 161 "http://localhost:8000/" "Mozilla/5.0 (Windows NT 10.0; Win64; x64; rv:76.0) Gecko/20100101 Firefox/76.0"
::1 - - [02/Jun/2020:17:58:26 +0000] "GET /js/chat_engine-e239a99bbe.js HTTP/1.1" 404 167 "http://localhost:8000/" "Mozilla/5.0 (Windows NT 10.0; Win64; x64; rv:76.0) Gecko/20100101 Firefox/76.0"
::1 - - [02/Jun/2020:17:58:26 +0000] "GET /js/bg-661772d05d.js HTTP/1.1" 404 158 "http://localhost:8000/" "Mozilla/5.0 (Windows NT 10.0; Win64; x64; rv:76.0) Gecko/20100101 Firefox/76.0"
::1 - - [02/Jun/2020:17:58:26 +0000] "GET /js/likes-258099703a.js HTTP/1.1" 404 161 "http://localhost:8000/" "Mozilla/5.0 (Windows NT 10.0; Win64; x64; rv:76.0) Gecko/20100101 Firefox/76.0"
::1 - - [02/Jun/2020:17:58:26 +0000] "GET /js/post_comments-e8b09ec150.js HTTP/1.1" 404 169 "http://localhost:8000/" "Mozilla/5.0 (Windows NT 10.0; Win64; x64; rv:76.0) Gecko/20100101 Firefox/76.0"
::1 - - [02/Jun/2020:17:58:26 +0000] "GET /js/likes-258099703a.js HTTP/1.1" 404 161 "http://localhost:8000/" "Mozilla/5.0 (Windows NT 10.0; Win64; x64; rv:76.0) Gecko/20100101 Firefox/76.0"
::1 - - [02/Jun/2020:17:58:26 +0000] "GET /js/home_posts-32c888bfed.js HTTP/1.1" 404 166 "http://localhost:8000/" "Mozilla/5.0 (Windows NT 10.0; Win64; x64; rv:76.0) Gecko/20100101 Firefox/76.0"
::1 - - [02/Jun/2020:17:58:26 +0000] "GET /js/likes-258099703a.js HTTP/1.1" 404 161 "http://localhost:8000/" "Mozilla/5.0 (Windows NT 10.0; Win64; x64; rv:76.0) Gecko/20100101 Firefox/76.0"
::1 - - [02/Jun/2020:17:58:26 +0000] "GET /js/chat_engine-e239a99bbe.js HTTP/1.1" 404 167 "http://localhost:8000/" "Mozilla/5.0 (Windows NT 10.0; Win64; x64; rv:76.0) Gecko/20100101 Firefox/76.0"
::1 - - [02/Jun/2020:17:58:26 +0000] "GET /js/bg-661772d05d.js HTTP/1.1" 404 158 "http://localhost:8000/" "Mozilla/5.0 (Windows NT 10.0; Win64; x64; rv:76.0) Gecko/20100101 Firefox/76.0"
::1 - - [02/Jun/2020:17:59:49 +0000] "GET / HTTP/1.1" 304 - "http://localhost:8000/users/sign-in" "Mozilla/5.0 (Windows NT 10.0; Win64; x64; rv:76.0) Gecko/20100101 Firefox/76.0"
::1 - - [02/Jun/2020:17:59:53 +0000] "GET /css/layout-bc4177a336.css HTTP/1.1" 404 164 "http://localhost:8000/" "Mozilla/5.0 (Windows NT 10.0; Win64; x64; rv:76.0) Gecko/20100101 Firefox/76.0"
::1 - - [02/Jun/2020:17:59:55 +0000] "GET /css/home-b917bc7b1e.css HTTP/1.1" 404 162 "http://localhost:8000/" "Mozilla/5.0 (Windows NT 10.0; Win64; x64; rv:76.0) Gecko/20100101 Firefox/76.0"
::1 - - [02/Jun/2020:17:59:55 +0000] "GET /css/chatbox-d4a317f1e1.css HTTP/1.1" 404 165 "http://localhost:8000/" "Mozilla/5.0 (Windows NT 10.0; Win64; x64; rv:76.0) Gecko/20100101 Firefox/76.0"
::1 - - [02/Jun/2020:17:59:55 +0000] "GET /js/likes-258099703a.js HTTP/1.1" 404 161 "http://localhost:8000/" "Mozilla/5.0 (Windows NT 10.0; Win64; x64; rv:76.0) Gecko/20100101 Firefox/76.0"
::1 - - [02/Jun/2020:17:59:55 +0000] "GET /js/home_posts-32c888bfed.js HTTP/1.1" 404 166 "http://localhost:8000/" "Mozilla/5.0 (Windows NT 10.0; Win64; x64; rv:76.0) Gecko/20100101 Firefox/76.0"
::1 - - [02/Jun/2020:17:59:55 +0000] "GET /js/post_comments-e8b09ec150.js HTTP/1.1" 404 169 "http://localhost:8000/" "Mozilla/5.0 (Windows NT 10.0; Win64; x64; rv:76.0) Gecko/20100101 Firefox/76.0"
::1 - - [02/Jun/2020:17:59:55 +0000] "GET /js/chat_engine-e239a99bbe.js HTTP/1.1" 404 167 "http://localhost:8000/" "Mozilla/5.0 (Windows NT 10.0; Win64; x64; rv:76.0) Gecko/20100101 Firefox/76.0"
::1 - - [02/Jun/2020:17:59:55 +0000] "GET /js/bg-661772d05d.js HTTP/1.1" 404 158 "http://localhost:8000/" "Mozilla/5.0 (Windows NT 10.0; Win64; x64; rv:76.0) Gecko/20100101 Firefox/76.0"
::1 - - [02/Jun/2020:17:59:55 +0000] "GET /css/layout-bc4177a336.css HTTP/1.1" 404 164 "http://localhost:8000/" "Mozilla/5.0 (Windows NT 10.0; Win64; x64; rv:76.0) Gecko/20100101 Firefox/76.0"
::1 - - [02/Jun/2020:17:59:55 +0000] "GET /js/likes-258099703a.js HTTP/1.1" 404 161 "http://localhost:8000/" "Mozilla/5.0 (Windows NT 10.0; Win64; x64; rv:76.0) Gecko/20100101 Firefox/76.0"
::1 - - [02/Jun/2020:17:59:55 +0000] "GET /js/post_comments-e8b09ec150.js HTTP/1.1" 404 169 "http://localhost:8000/" "Mozilla/5.0 (Windows NT 10.0; Win64; x64; rv:76.0) Gecko/20100101 Firefox/76.0"
::1 - - [02/Jun/2020:17:59:56 +0000] "GET /js/likes-258099703a.js HTTP/1.1" 404 161 "http://localhost:8000/" "Mozilla/5.0 (Windows NT 10.0; Win64; x64; rv:76.0) Gecko/20100101 Firefox/76.0"
::1 - - [02/Jun/2020:17:59:56 +0000] "GET /js/home_posts-32c888bfed.js HTTP/1.1" 404 166 "http://localhost:8000/" "Mozilla/5.0 (Windows NT 10.0; Win64; x64; rv:76.0) Gecko/20100101 Firefox/76.0"
::1 - - [02/Jun/2020:17:59:56 +0000] "GET /js/likes-258099703a.js HTTP/1.1" 404 161 "http://localhost:8000/" "Mozilla/5.0 (Windows NT 10.0; Win64; x64; rv:76.0) Gecko/20100101 Firefox/76.0"
::1 - - [02/Jun/2020:17:59:56 +0000] "GET /js/chat_engine-e239a99bbe.js HTTP/1.1" 404 167 "http://localhost:8000/" "Mozilla/5.0 (Windows NT 10.0; Win64; x64; rv:76.0) Gecko/20100101 Firefox/76.0"
::1 - - [02/Jun/2020:17:59:56 +0000] "GET /js/bg-661772d05d.js HTTP/1.1" 404 158 "http://localhost:8000/" "Mozilla/5.0 (Windows NT 10.0; Win64; x64; rv:76.0) Gecko/20100101 Firefox/76.0"
::1 - - [02/Jun/2020:18:00:20 +0000] "GET / HTTP/1.1" 304 - "http://localhost:8000/users/sign-in" "Mozilla/5.0 (Windows NT 10.0; Win64; x64; rv:76.0) Gecko/20100101 Firefox/76.0"
::1 - - [02/Jun/2020:18:00:26 +0000] "GET /css/home-b917bc7b1e.css HTTP/1.1" 404 162 "http://localhost:8000/" "Mozilla/5.0 (Windows NT 10.0; Win64; x64; rv:76.0) Gecko/20100101 Firefox/76.0"
::1 - - [02/Jun/2020:18:00:26 +0000] "GET /css/layout-bc4177a336.css HTTP/1.1" 404 164 "http://localhost:8000/" "Mozilla/5.0 (Windows NT 10.0; Win64; x64; rv:76.0) Gecko/20100101 Firefox/76.0"
::1 - - [02/Jun/2020:18:00:26 +0000] "GET /css/chatbox-d4a317f1e1.css HTTP/1.1" 404 165 "http://localhost:8000/" "Mozilla/5.0 (Windows NT 10.0; Win64; x64; rv:76.0) Gecko/20100101 Firefox/76.0"
::1 - - [02/Jun/2020:18:00:26 +0000] "GET /js/post_comments-e8b09ec150.js HTTP/1.1" 404 169 "http://localhost:8000/" "Mozilla/5.0 (Windows NT 10.0; Win64; x64; rv:76.0) Gecko/20100101 Firefox/76.0"
::1 - - [02/Jun/2020:18:00:26 +0000] "GET /js/likes-258099703a.js HTTP/1.1" 404 161 "http://localhost:8000/" "Mozilla/5.0 (Windows NT 10.0; Win64; x64; rv:76.0) Gecko/20100101 Firefox/76.0"
::1 - - [02/Jun/2020:18:00:26 +0000] "GET /js/home_posts-32c888bfed.js HTTP/1.1" 404 166 "http://localhost:8000/" "Mozilla/5.0 (Windows NT 10.0; Win64; x64; rv:76.0) Gecko/20100101 Firefox/76.0"
::1 - - [02/Jun/2020:18:00:27 +0000] "GET /js/bg-661772d05d.js HTTP/1.1" 404 158 "http://localhost:8000/" "Mozilla/5.0 (Windows NT 10.0; Win64; x64; rv:76.0) Gecko/20100101 Firefox/76.0"
::1 - - [02/Jun/2020:18:00:27 +0000] "GET /js/chat_engine-e239a99bbe.js HTTP/1.1" 404 167 "http://localhost:8000/" "Mozilla/5.0 (Windows NT 10.0; Win64; x64; rv:76.0) Gecko/20100101 Firefox/76.0"
::1 - - [02/Jun/2020:18:00:27 +0000] "GET /js/post_comments-e8b09ec150.js HTTP/1.1" 404 169 "http://localhost:8000/" "Mozilla/5.0 (Windows NT 10.0; Win64; x64; rv:76.0) Gecko/20100101 Firefox/76.0"
::1 - - [02/Jun/2020:18:00:27 +0000] "GET /js/likes-258099703a.js HTTP/1.1" 404 161 "http://localhost:8000/" "Mozilla/5.0 (Windows NT 10.0; Win64; x64; rv:76.0) Gecko/20100101 Firefox/76.0"
::1 - - [02/Jun/2020:18:00:27 +0000] "GET /js/home_posts-32c888bfed.js HTTP/1.1" 404 166 "http://localhost:8000/" "Mozilla/5.0 (Windows NT 10.0; Win64; x64; rv:76.0) Gecko/20100101 Firefox/76.0"
::1 - - [02/Jun/2020:18:00:27 +0000] "GET /js/likes-258099703a.js HTTP/1.1" 404 161 "http://localhost:8000/" "Mozilla/5.0 (Windows NT 10.0; Win64; x64; rv:76.0) Gecko/20100101 Firefox/76.0"
::1 - - [02/Jun/2020:18:00:27 +0000] "GET /js/chat_engine-e239a99bbe.js HTTP/1.1" 404 167 "http://localhost:8000/" "Mozilla/5.0 (Windows NT 10.0; Win64; x64; rv:76.0) Gecko/20100101 Firefox/76.0"
::1 - - [02/Jun/2020:18:00:27 +0000] "GET /js/bg-661772d05d.js HTTP/1.1" 404 158 "http://localhost:8000/" "Mozilla/5.0 (Windows NT 10.0; Win64; x64; rv:76.0) Gecko/20100101 Firefox/76.0"
::1 - - [02/Jun/2020:18:02:15 +0000] "GET / HTTP/1.1" 304 - "http://localhost:8000/users/sign-in" "Mozilla/5.0 (Windows NT 10.0; Win64; x64; rv:76.0) Gecko/20100101 Firefox/76.0"
::1 - - [02/Jun/2020:18:02:21 +0000] "GET /css/home-b917bc7b1e.css HTTP/1.1" 404 162 "http://localhost:8000/" "Mozilla/5.0 (Windows NT 10.0; Win64; x64; rv:76.0) Gecko/20100101 Firefox/76.0"
::1 - - [02/Jun/2020:18:02:21 +0000] "GET /css/layout-bc4177a336.css HTTP/1.1" 404 164 "http://localhost:8000/" "Mozilla/5.0 (Windows NT 10.0; Win64; x64; rv:76.0) Gecko/20100101 Firefox/76.0"
::1 - - [02/Jun/2020:18:02:21 +0000] "GET /js/post_comments-e8b09ec150.js HTTP/1.1" 404 169 "http://localhost:8000/" "Mozilla/5.0 (Windows NT 10.0; Win64; x64; rv:76.0) Gecko/20100101 Firefox/76.0"
::1 - - [02/Jun/2020:18:02:21 +0000] "GET /css/chatbox-d4a317f1e1.css HTTP/1.1" 404 165 "http://localhost:8000/" "Mozilla/5.0 (Windows NT 10.0; Win64; x64; rv:76.0) Gecko/20100101 Firefox/76.0"
::1 - - [02/Jun/2020:18:02:21 +0000] "GET /js/likes-258099703a.js HTTP/1.1" 404 161 "http://localhost:8000/" "Mozilla/5.0 (Windows NT 10.0; Win64; x64; rv:76.0) Gecko/20100101 Firefox/76.0"
::1 - - [02/Jun/2020:18:02:21 +0000] "GET /js/home_posts-32c888bfed.js HTTP/1.1" 404 166 "http://localhost:8000/" "Mozilla/5.0 (Windows NT 10.0; Win64; x64; rv:76.0) Gecko/20100101 Firefox/76.0"
::1 - - [02/Jun/2020:18:02:21 +0000] "GET /js/chat_engine-e239a99bbe.js HTTP/1.1" 404 167 "http://localhost:8000/" "Mozilla/5.0 (Windows NT 10.0; Win64; x64; rv:76.0) Gecko/20100101 Firefox/76.0"
::1 - - [02/Jun/2020:18:02:21 +0000] "GET /js/bg-661772d05d.js HTTP/1.1" 404 158 "http://localhost:8000/" "Mozilla/5.0 (Windows NT 10.0; Win64; x64; rv:76.0) Gecko/20100101 Firefox/76.0"
::1 - - [02/Jun/2020:18:02:21 +0000] "GET /js/post_comments-e8b09ec150.js HTTP/1.1" 404 169 "http://localhost:8000/" "Mozilla/5.0 (Windows NT 10.0; Win64; x64; rv:76.0) Gecko/20100101 Firefox/76.0"
::1 - - [02/Jun/2020:18:02:21 +0000] "GET /js/likes-258099703a.js HTTP/1.1" 404 161 "http://localhost:8000/" "Mozilla/5.0 (Windows NT 10.0; Win64; x64; rv:76.0) Gecko/20100101 Firefox/76.0"
::1 - - [02/Jun/2020:18:02:21 +0000] "GET /js/home_posts-32c888bfed.js HTTP/1.1" 404 166 "http://localhost:8000/" "Mozilla/5.0 (Windows NT 10.0; Win64; x64; rv:76.0) Gecko/20100101 Firefox/76.0"
::1 - - [02/Jun/2020:18:02:21 +0000] "GET /js/likes-258099703a.js HTTP/1.1" 404 161 "http://localhost:8000/" "Mozilla/5.0 (Windows NT 10.0; Win64; x64; rv:76.0) Gecko/20100101 Firefox/76.0"
::1 - - [02/Jun/2020:18:02:21 +0000] "GET /js/chat_engine-e239a99bbe.js HTTP/1.1" 404 167 "http://localhost:8000/" "Mozilla/5.0 (Windows NT 10.0; Win64; x64; rv:76.0) Gecko/20100101 Firefox/76.0"
::1 - - [02/Jun/2020:18:02:21 +0000] "GET /js/bg-661772d05d.js HTTP/1.1" 404 158 "http://localhost:8000/" "Mozilla/5.0 (Windows NT 10.0; Win64; x64; rv:76.0) Gecko/20100101 Firefox/76.0"
::1 - - [02/Jun/2020:18:02:58 +0000] "GET / HTTP/1.1" 304 - "http://localhost:8000/users/sign-in" "Mozilla/5.0 (Windows NT 10.0; Win64; x64; rv:76.0) Gecko/20100101 Firefox/76.0"
::1 - - [02/Jun/2020:18:03:02 +0000] "GET /css/layout-bc4177a336.css HTTP/1.1" 404 164 "http://localhost:8000/" "Mozilla/5.0 (Windows NT 10.0; Win64; x64; rv:76.0) Gecko/20100101 Firefox/76.0"
::1 - - [02/Jun/2020:18:03:02 +0000] "GET /css/chatbox-d4a317f1e1.css HTTP/1.1" 404 165 "http://localhost:8000/" "Mozilla/5.0 (Windows NT 10.0; Win64; x64; rv:76.0) Gecko/20100101 Firefox/76.0"
::1 - - [02/Jun/2020:18:03:02 +0000] "GET /css/home-b917bc7b1e.css HTTP/1.1" 404 162 "http://localhost:8000/" "Mozilla/5.0 (Windows NT 10.0; Win64; x64; rv:76.0) Gecko/20100101 Firefox/76.0"
::1 - - [02/Jun/2020:18:03:02 +0000] "GET /js/likes-258099703a.js HTTP/1.1" 404 161 "http://localhost:8000/" "Mozilla/5.0 (Windows NT 10.0; Win64; x64; rv:76.0) Gecko/20100101 Firefox/76.0"
::1 - - [02/Jun/2020:18:03:02 +0000] "GET /js/post_comments-e8b09ec150.js HTTP/1.1" 404 169 "http://localhost:8000/" "Mozilla/5.0 (Windows NT 10.0; Win64; x64; rv:76.0) Gecko/20100101 Firefox/76.0"
::1 - - [02/Jun/2020:18:03:02 +0000] "GET /js/home_posts-32c888bfed.js HTTP/1.1" 404 166 "http://localhost:8000/" "Mozilla/5.0 (Windows NT 10.0; Win64; x64; rv:76.0) Gecko/20100101 Firefox/76.0"
::1 - - [02/Jun/2020:18:03:02 +0000] "GET /js/chat_engine-e239a99bbe.js HTTP/1.1" 404 167 "http://localhost:8000/" "Mozilla/5.0 (Windows NT 10.0; Win64; x64; rv:76.0) Gecko/20100101 Firefox/76.0"
::1 - - [02/Jun/2020:18:03:02 +0000] "GET /js/bg-661772d05d.js HTTP/1.1" 404 158 "http://localhost:8000/" "Mozilla/5.0 (Windows NT 10.0; Win64; x64; rv:76.0) Gecko/20100101 Firefox/76.0"
::1 - - [02/Jun/2020:18:03:02 +0000] "GET /js/likes-258099703a.js HTTP/1.1" 404 161 "http://localhost:8000/" "Mozilla/5.0 (Windows NT 10.0; Win64; x64; rv:76.0) Gecko/20100101 Firefox/76.0"
::1 - - [02/Jun/2020:18:03:02 +0000] "GET /js/post_comments-e8b09ec150.js HTTP/1.1" 404 169 "http://localhost:8000/" "Mozilla/5.0 (Windows NT 10.0; Win64; x64; rv:76.0) Gecko/20100101 Firefox/76.0"
::1 - - [02/Jun/2020:18:03:02 +0000] "GET /js/likes-258099703a.js HTTP/1.1" 404 161 "http://localhost:8000/" "Mozilla/5.0 (Windows NT 10.0; Win64; x64; rv:76.0) Gecko/20100101 Firefox/76.0"
::1 - - [02/Jun/2020:18:03:02 +0000] "GET /js/home_posts-32c888bfed.js HTTP/1.1" 404 166 "http://localhost:8000/" "Mozilla/5.0 (Windows NT 10.0; Win64; x64; rv:76.0) Gecko/20100101 Firefox/76.0"
::1 - - [02/Jun/2020:18:03:02 +0000] "GET /js/likes-258099703a.js HTTP/1.1" 404 161 "http://localhost:8000/" "Mozilla/5.0 (Windows NT 10.0; Win64; x64; rv:76.0) Gecko/20100101 Firefox/76.0"
::1 - - [02/Jun/2020:18:03:02 +0000] "GET /js/chat_engine-e239a99bbe.js HTTP/1.1" 404 167 "http://localhost:8000/" "Mozilla/5.0 (Windows NT 10.0; Win64; x64; rv:76.0) Gecko/20100101 Firefox/76.0"
::1 - - [02/Jun/2020:18:03:02 +0000] "GET /js/bg-661772d05d.js HTTP/1.1" 404 158 "http://localhost:8000/" "Mozilla/5.0 (Windows NT 10.0; Win64; x64; rv:76.0) Gecko/20100101 Firefox/76.0"
::1 - - [02/Jun/2020:18:03:30 +0000] "GET / HTTP/1.1" 304 - "http://localhost:8000/users/sign-in" "Mozilla/5.0 (Windows NT 10.0; Win64; x64; rv:76.0) Gecko/20100101 Firefox/76.0"
::1 - - [02/Jun/2020:18:03:33 +0000] "GET /css/layout-bc4177a336.css HTTP/1.1" 404 164 "http://localhost:8000/" "Mozilla/5.0 (Windows NT 10.0; Win64; x64; rv:76.0) Gecko/20100101 Firefox/76.0"
::1 - - [02/Jun/2020:18:03:35 +0000] "GET /css/home-b917bc7b1e.css HTTP/1.1" 404 162 "http://localhost:8000/" "Mozilla/5.0 (Windows NT 10.0; Win64; x64; rv:76.0) Gecko/20100101 Firefox/76.0"
::1 - - [02/Jun/2020:18:03:35 +0000] "GET /css/chatbox-d4a317f1e1.css HTTP/1.1" 404 165 "http://localhost:8000/" "Mozilla/5.0 (Windows NT 10.0; Win64; x64; rv:76.0) Gecko/20100101 Firefox/76.0"
::1 - - [02/Jun/2020:18:03:35 +0000] "GET /js/home_posts-32c888bfed.js HTTP/1.1" 404 166 "http://localhost:8000/" "Mozilla/5.0 (Windows NT 10.0; Win64; x64; rv:76.0) Gecko/20100101 Firefox/76.0"
::1 - - [02/Jun/2020:18:03:35 +0000] "GET /js/likes-258099703a.js HTTP/1.1" 404 161 "http://localhost:8000/" "Mozilla/5.0 (Windows NT 10.0; Win64; x64; rv:76.0) Gecko/20100101 Firefox/76.0"
::1 - - [02/Jun/2020:18:03:35 +0000] "GET /js/post_comments-e8b09ec150.js HTTP/1.1" 404 169 "http://localhost:8000/" "Mozilla/5.0 (Windows NT 10.0; Win64; x64; rv:76.0) Gecko/20100101 Firefox/76.0"
::1 - - [02/Jun/2020:18:03:35 +0000] "GET /js/chat_engine-e239a99bbe.js HTTP/1.1" 404 167 "http://localhost:8000/" "Mozilla/5.0 (Windows NT 10.0; Win64; x64; rv:76.0) Gecko/20100101 Firefox/76.0"
::1 - - [02/Jun/2020:18:03:35 +0000] "GET /js/bg-661772d05d.js HTTP/1.1" 404 158 "http://localhost:8000/" "Mozilla/5.0 (Windows NT 10.0; Win64; x64; rv:76.0) Gecko/20100101 Firefox/76.0"
::1 - - [02/Jun/2020:18:03:35 +0000] "GET /css/layout-bc4177a336.css HTTP/1.1" 404 164 "http://localhost:8000/" "Mozilla/5.0 (Windows NT 10.0; Win64; x64; rv:76.0) Gecko/20100101 Firefox/76.0"
::1 - - [02/Jun/2020:18:03:35 +0000] "GET /css/home-b917bc7b1e.css HTTP/1.1" 404 162 "http://localhost:8000/" "Mozilla/5.0 (Windows NT 10.0; Win64; x64; rv:76.0) Gecko/20100101 Firefox/76.0"
::1 - - [02/Jun/2020:18:03:35 +0000] "GET /css/chatbox-d4a317f1e1.css HTTP/1.1" 404 165 "http://localhost:8000/" "Mozilla/5.0 (Windows NT 10.0; Win64; x64; rv:76.0) Gecko/20100101 Firefox/76.0"
::1 - - [02/Jun/2020:18:03:35 +0000] "GET /js/likes-258099703a.js HTTP/1.1" 404 161 "http://localhost:8000/" "Mozilla/5.0 (Windows NT 10.0; Win64; x64; rv:76.0) Gecko/20100101 Firefox/76.0"
::1 - - [02/Jun/2020:18:03:35 +0000] "GET /js/post_comments-e8b09ec150.js HTTP/1.1" 404 169 "http://localhost:8000/" "Mozilla/5.0 (Windows NT 10.0; Win64; x64; rv:76.0) Gecko/20100101 Firefox/76.0"
::1 - - [02/Jun/2020:18:03:35 +0000] "GET /js/likes-258099703a.js HTTP/1.1" 404 161 "http://localhost:8000/" "Mozilla/5.0 (Windows NT 10.0; Win64; x64; rv:76.0) Gecko/20100101 Firefox/76.0"
::1 - - [02/Jun/2020:18:03:35 +0000] "GET /js/home_posts-32c888bfed.js HTTP/1.1" 404 166 "http://localhost:8000/" "Mozilla/5.0 (Windows NT 10.0; Win64; x64; rv:76.0) Gecko/20100101 Firefox/76.0"
::1 - - [02/Jun/2020:18:03:35 +0000] "GET /js/likes-258099703a.js HTTP/1.1" 404 161 "http://localhost:8000/" "Mozilla/5.0 (Windows NT 10.0; Win64; x64; rv:76.0) Gecko/20100101 Firefox/76.0"
::1 - - [02/Jun/2020:18:03:35 +0000] "GET /js/chat_engine-e239a99bbe.js HTTP/1.1" 404 167 "http://localhost:8000/" "Mozilla/5.0 (Windows NT 10.0; Win64; x64; rv:76.0) Gecko/20100101 Firefox/76.0"
::1 - - [02/Jun/2020:18:03:35 +0000] "GET /js/bg-661772d05d.js HTTP/1.1" 404 158 "http://localhost:8000/" "Mozilla/5.0 (Windows NT 10.0; Win64; x64; rv:76.0) Gecko/20100101 Firefox/76.0"
::1 - - [02/Jun/2020:18:04:13 +0000] "GET / HTTP/1.1" 500 148 "http://localhost:8000/users/sign-in" "Mozilla/5.0 (Windows NT 10.0; Win64; x64; rv:76.0) Gecko/20100101 Firefox/76.0"
::1 - - [02/Jun/2020:18:04:28 +0000] "GET / HTTP/1.1" 500 148 "http://localhost:8000/users/sign-in" "Mozilla/5.0 (Windows NT 10.0; Win64; x64; rv:76.0) Gecko/20100101 Firefox/76.0"
::1 - - [02/Jun/2020:18:04:41 +0000] "GET / HTTP/1.1" 500 148 "http://localhost:8000/users/sign-in" "Mozilla/5.0 (Windows NT 10.0; Win64; x64; rv:76.0) Gecko/20100101 Firefox/76.0"
::1 - - [02/Jun/2020:18:05:30 +0000] "GET / HTTP/1.1" 200 10381 "http://localhost:8000/users/sign-in" "Mozilla/5.0 (Windows NT 10.0; Win64; x64; rv:76.0) Gecko/20100101 Firefox/76.0"
::1 - - [02/Jun/2020:18:05:34 +0000] "GET /css/layout-bc4177a336.css HTTP/1.1" 404 164 "http://localhost:8000/" "Mozilla/5.0 (Windows NT 10.0; Win64; x64; rv:76.0) Gecko/20100101 Firefox/76.0"
::1 - - [02/Jun/2020:18:05:37 +0000] "GET /css/home-b917bc7b1e.css HTTP/1.1" 404 162 "http://localhost:8000/" "Mozilla/5.0 (Windows NT 10.0; Win64; x64; rv:76.0) Gecko/20100101 Firefox/76.0"
::1 - - [02/Jun/2020:18:05:37 +0000] "GET /css/chatbox-d4a317f1e1.css HTTP/1.1" 404 165 "http://localhost:8000/" "Mozilla/5.0 (Windows NT 10.0; Win64; x64; rv:76.0) Gecko/20100101 Firefox/76.0"
::1 - - [02/Jun/2020:18:05:37 +0000] "GET /js/post_comments-e8b09ec150.js HTTP/1.1" 404 169 "http://localhost:8000/" "Mozilla/5.0 (Windows NT 10.0; Win64; x64; rv:76.0) Gecko/20100101 Firefox/76.0"
::1 - - [02/Jun/2020:18:05:37 +0000] "GET /js/likes-258099703a.js HTTP/1.1" 404 161 "http://localhost:8000/" "Mozilla/5.0 (Windows NT 10.0; Win64; x64; rv:76.0) Gecko/20100101 Firefox/76.0"
::1 - - [02/Jun/2020:18:05:37 +0000] "GET /js/home_posts-32c888bfed.js HTTP/1.1" 404 166 "http://localhost:8000/" "Mozilla/5.0 (Windows NT 10.0; Win64; x64; rv:76.0) Gecko/20100101 Firefox/76.0"
::1 - - [02/Jun/2020:18:05:37 +0000] "GET /js/chat_engine-e239a99bbe.js HTTP/1.1" 404 167 "http://localhost:8000/" "Mozilla/5.0 (Windows NT 10.0; Win64; x64; rv:76.0) Gecko/20100101 Firefox/76.0"
::1 - - [02/Jun/2020:18:05:37 +0000] "GET /js/bg-661772d05d.js HTTP/1.1" 404 158 "http://localhost:8000/" "Mozilla/5.0 (Windows NT 10.0; Win64; x64; rv:76.0) Gecko/20100101 Firefox/76.0"
::1 - - [02/Jun/2020:18:05:37 +0000] "GET /css/layout-bc4177a336.css HTTP/1.1" 404 164 "http://localhost:8000/" "Mozilla/5.0 (Windows NT 10.0; Win64; x64; rv:76.0) Gecko/20100101 Firefox/76.0"
::1 - - [02/Jun/2020:18:05:37 +0000] "GET /js/post_comments-e8b09ec150.js HTTP/1.1" 404 169 "http://localhost:8000/" "Mozilla/5.0 (Windows NT 10.0; Win64; x64; rv:76.0) Gecko/20100101 Firefox/76.0"
::1 - - [02/Jun/2020:18:05:37 +0000] "GET /js/likes-258099703a.js HTTP/1.1" 404 161 "http://localhost:8000/" "Mozilla/5.0 (Windows NT 10.0; Win64; x64; rv:76.0) Gecko/20100101 Firefox/76.0"
::1 - - [02/Jun/2020:18:05:37 +0000] "GET /js/home_posts-32c888bfed.js HTTP/1.1" 404 166 "http://localhost:8000/" "Mozilla/5.0 (Windows NT 10.0; Win64; x64; rv:76.0) Gecko/20100101 Firefox/76.0"
::1 - - [02/Jun/2020:18:05:37 +0000] "GET /js/likes-258099703a.js HTTP/1.1" 404 161 "http://localhost:8000/" "Mozilla/5.0 (Windows NT 10.0; Win64; x64; rv:76.0) Gecko/20100101 Firefox/76.0"
::1 - - [02/Jun/2020:18:05:37 +0000] "GET /js/chat_engine-e239a99bbe.js HTTP/1.1" 404 167 "http://localhost:8000/" "Mozilla/5.0 (Windows NT 10.0; Win64; x64; rv:76.0) Gecko/20100101 Firefox/76.0"
::1 - - [02/Jun/2020:18:05:37 +0000] "GET /js/bg-661772d05d.js HTTP/1.1" 404 158 "http://localhost:8000/" "Mozilla/5.0 (Windows NT 10.0; Win64; x64; rv:76.0) Gecko/20100101 Firefox/76.0"
::1 - - [02/Jun/2020:18:08:35 +0000] "GET / HTTP/1.1" 304 - "http://localhost:8000/users/sign-in" "Mozilla/5.0 (Windows NT 10.0; Win64; x64; rv:76.0) Gecko/20100101 Firefox/76.0"
::1 - - [02/Jun/2020:18:08:42 +0000] "GET /css/home-b917bc7b1e.css HTTP/1.1" 404 162 "http://localhost:8000/" "Mozilla/5.0 (Windows NT 10.0; Win64; x64; rv:76.0) Gecko/20100101 Firefox/76.0"
::1 - - [02/Jun/2020:18:08:42 +0000] "GET /css/layout-bc4177a336.css HTTP/1.1" 404 164 "http://localhost:8000/" "Mozilla/5.0 (Windows NT 10.0; Win64; x64; rv:76.0) Gecko/20100101 Firefox/76.0"
::1 - - [02/Jun/2020:18:08:42 +0000] "GET /css/chatbox-d4a317f1e1.css HTTP/1.1" 404 165 "http://localhost:8000/" "Mozilla/5.0 (Windows NT 10.0; Win64; x64; rv:76.0) Gecko/20100101 Firefox/76.0"
::1 - - [02/Jun/2020:18:08:42 +0000] "GET /js/post_comments-e8b09ec150.js HTTP/1.1" 404 169 "http://localhost:8000/" "Mozilla/5.0 (Windows NT 10.0; Win64; x64; rv:76.0) Gecko/20100101 Firefox/76.0"
::1 - - [02/Jun/2020:18:08:42 +0000] "GET /js/likes-258099703a.js HTTP/1.1" 404 161 "http://localhost:8000/" "Mozilla/5.0 (Windows NT 10.0; Win64; x64; rv:76.0) Gecko/20100101 Firefox/76.0"
::1 - - [02/Jun/2020:18:08:42 +0000] "GET /js/home_posts-32c888bfed.js HTTP/1.1" 404 166 "http://localhost:8000/" "Mozilla/5.0 (Windows NT 10.0; Win64; x64; rv:76.0) Gecko/20100101 Firefox/76.0"
::1 - - [02/Jun/2020:18:08:42 +0000] "GET /js/chat_engine-e239a99bbe.js HTTP/1.1" 404 167 "http://localhost:8000/" "Mozilla/5.0 (Windows NT 10.0; Win64; x64; rv:76.0) Gecko/20100101 Firefox/76.0"
::1 - - [02/Jun/2020:18:08:42 +0000] "GET /js/bg-661772d05d.js HTTP/1.1" 404 158 "http://localhost:8000/" "Mozilla/5.0 (Windows NT 10.0; Win64; x64; rv:76.0) Gecko/20100101 Firefox/76.0"
::1 - - [02/Jun/2020:18:08:42 +0000] "GET /js/post_comments-e8b09ec150.js HTTP/1.1" 404 169 "http://localhost:8000/" "Mozilla/5.0 (Windows NT 10.0; Win64; x64; rv:76.0) Gecko/20100101 Firefox/76.0"
::1 - - [02/Jun/2020:18:08:42 +0000] "GET /js/likes-258099703a.js HTTP/1.1" 404 161 "http://localhost:8000/" "Mozilla/5.0 (Windows NT 10.0; Win64; x64; rv:76.0) Gecko/20100101 Firefox/76.0"
::1 - - [02/Jun/2020:18:08:42 +0000] "GET /js/home_posts-32c888bfed.js HTTP/1.1" 404 166 "http://localhost:8000/" "Mozilla/5.0 (Windows NT 10.0; Win64; x64; rv:76.0) Gecko/20100101 Firefox/76.0"
::1 - - [02/Jun/2020:18:08:42 +0000] "GET /js/likes-258099703a.js HTTP/1.1" 404 161 "http://localhost:8000/" "Mozilla/5.0 (Windows NT 10.0; Win64; x64; rv:76.0) Gecko/20100101 Firefox/76.0"
::1 - - [02/Jun/2020:18:08:42 +0000] "GET /js/chat_engine-e239a99bbe.js HTTP/1.1" 404 167 "http://localhost:8000/" "Mozilla/5.0 (Windows NT 10.0; Win64; x64; rv:76.0) Gecko/20100101 Firefox/76.0"
::1 - - [02/Jun/2020:18:08:42 +0000] "GET /js/bg-661772d05d.js HTTP/1.1" 404 158 "http://localhost:8000/" "Mozilla/5.0 (Windows NT 10.0; Win64; x64; rv:76.0) Gecko/20100101 Firefox/76.0"
